********************************************************************************
DUPLICATOR-LITE PACKAGE-LOG: May 11, 2018 12:53 am
NOTICE: Do NOT post to public sites or forums 
********************************************************************************
VERSION:	1.2.36
WORDPRESS:	4.9.5
PHP INFO:	7.2.1 | SAPI: apache2handler
SERVER:		Apache/2.4.29 (Win32) OpenSSL/1.1.0g PHP/7.2.1 
PHP TIME LIMIT: (0) no time limit imposed 
PHP MAX MEMORY: 2048M (128M default) 
MEMORY STACK: 14MB 

********************************************************************************
DATABASE:
********************************************************************************
BUILD MODE:   MYSQLDUMP
MYSQLTIMEOUT: 5000
MYSQLDUMP:    Is Supported 
FILTERED: [] 
RESPONSE: Ran from C:/xampp/mysql/bin/mysqldump.exe 
TABLES: total:13 | filtered:0 | create:13 
SQL CREATED: 20180511_mogul_a6ddc0916f5c152c9671180511005321_database.sql 
SQL FILE SIZE: 1009.49KB (1033721) 
SQL FILE TIME: 2018-05-11 00:53:30 
SQL RUNTIME: 0.71 sec. 

******************************************************************************** 
ARCHIVE (ZIP): 
******************************************************************************** 
ARCHIVE DIR:  C:/xampp/htdocs/mogul 
ARCHIVE FILE: 20180511_mogul_a6ddc0916f5c152c9671180511005321_archive.zip 
FILTERS: *OFF* 
DIRS:
	not set 
FILES:
	not set 
EXTS:  not set 
---------------------------------------- 
COMPRESSING 
SIZE:	33.45MB 
STATS:	Dirs 221 | Files 1,911 
SQL ADDED: 20180511_mogul_a6ddc0916f5c152c9671180511005321_database.sql 
ZipArchive Object
(
    [status] => 0
    [statusSys] => 0
    [numFiles] => 2132
    [filename] => C:\xampp\htdocs\mogul\wp-snapshots\tmp\20180511_mogul_a6ddc0916f5c152c9671180511005321_archive.zip
    [comment] => 
)
 
COMPRESSION RESULT: '1' 
COMPRESSED SIZE: 12.93MB 
ARCHIVE RUNTIME: 56.08 sec. 
MEMORY STACK: 14MB 

******************************************************************************** 
MAKE INSTALLER: 
******************************************************************************** 
Build Start 
Build Finished 
Preping for use 
PACK SIZE:  
Template parsed with new data 
Complete [C:/xampp/htdocs/mogul/wp-snapshots/tmp/20180511_mogul_a6ddc0916f5c152c9671180511005321_installer.php] 
Added to archive 

******************************************************************************** 
INTEGRITY CHECKS: 
******************************************************************************** 
SQL File: 1009.49KB 
Installer File: 445.85KB 
Archive File: 12.93MB  

********************************************************************************
RECORD ID:[1]
TOTAL PROCESS RUNTIME: 66.78 sec.
PEAK PHP MEMORY USED: 16MB
DONE PROCESSING => 20180511_mogul May 11, 2018 12:54 am
 
