********************************************************************************
DUPLICATOR-LITE PACKAGE-LOG: May 24, 2018 3:29 pm
NOTICE: Do NOT post to public sites or forums 
********************************************************************************
VERSION:	1.2.38
WORDPRESS:	4.9.6
PHP INFO:	7.2.1 | SAPI: apache2handler
SERVER:		Apache/2.4.29 (Win32) OpenSSL/1.1.0g PHP/7.2.1 
PHP TIME LIMIT: (0) no time limit imposed 
PHP MAX MEMORY: 2048M (128M default) 
MEMORY STACK: 12MB 

********************************************************************************
DATABASE:
********************************************************************************
BUILD MODE:   MYSQLDUMP
MYSQLTIMEOUT: 5000
MYSQLDUMP:    Is Supported 
FILTERED: [] 
RESPONSE: Ran from C:/xampp/mysql/bin/mysqldump.exe 
TABLES: total:13 | filtered:0 | create:13 
SQL CREATED: 20180511_mogul_9bb243bea14bf7c37499180524152900_database.sql 
SQL FILE SIZE: 973.49KB (996857) 
SQL FILE TIME: 2018-05-24 15:29:16 
SQL RUNTIME: 0.81 sec. 

******************************************************************************** 
ARCHIVE (ZIP): 
******************************************************************************** 
ARCHIVE DIR:  C:/xampp/htdocs/mogul 
ARCHIVE FILE: 20180511_mogul_9bb243bea14bf7c37499180524152900_archive.zip 
FILTERS: *OFF* 
DIRS:
	not set 
FILES:
	not set 
EXTS:  not set 
---------------------------------------- 
COMPRESSING 
SIZE:	34.17MB 
STATS:	Dirs 221 | Files 1,910 
SQL ADDED: 20180511_mogul_9bb243bea14bf7c37499180524152900_database.sql 
ZipArchive Object
(
    [status] => 0
    [statusSys] => 0
    [numFiles] => 2131
    [filename] => C:\xampp\htdocs\mogul\wp-snapshots\tmp\20180511_mogul_9bb243bea14bf7c37499180524152900_archive.zip
    [comment] => 
)
 
COMPRESSION RESULT: '1' 
COMPRESSED SIZE: 13.08MB 
ARCHIVE RUNTIME: 29.83 sec. 
MEMORY STACK: 14MB 

******************************************************************************** 
MAKE INSTALLER: 
******************************************************************************** 
Build Start 
Build Finished 
Preping for use 
PACK SIZE:  
Template parsed with new data 
Complete [C:/xampp/htdocs/mogul/wp-snapshots/tmp/20180511_mogul_9bb243bea14bf7c37499180524152900_installer.php] 
Added to archive 

******************************************************************************** 
INTEGRITY CHECKS: 
******************************************************************************** 
SQL File: 973.49KB 
Installer File: 445.85KB 
Archive File: 13.08MB  

********************************************************************************
RECORD ID:[2]
TOTAL PROCESS RUNTIME: 41.66 sec.
PEAK PHP MEMORY USED: 14MB
DONE PROCESSING => 20180511_mogul May 24, 2018 3:29 pm
 
