********************************************************************************
DUPLICATOR-LITE PACKAGE-LOG: June 3, 2018 4:02 pm
NOTICE: Do NOT post to public sites or forums 
********************************************************************************
VERSION:	1.2.38
WORDPRESS:	4.9.6
PHP INFO:	7.2.1 | SAPI: apache2handler
SERVER:		Apache/2.4.29 (Win32) OpenSSL/1.1.0g PHP/7.2.1 
PHP TIME LIMIT: (0) no time limit imposed 
PHP MAX MEMORY: 2048M (128M default) 
MEMORY STACK: 14MB 

********************************************************************************
DATABASE:
********************************************************************************
BUILD MODE:   MYSQLDUMP
MYSQLTIMEOUT: 5000
MYSQLDUMP:    Is Supported 
FILTERED: [] 
RESPONSE: Ran from C:/xampp/mysql/bin/mysqldump.exe 
TABLES: total:13 | filtered:0 | create:13 
SQL CREATED: 20180511_mogul_d020c83d5018e1304393180603151716_database.sql 
SQL FILE SIZE: 971.76KB (995081) 
SQL FILE TIME: 2018-06-03 16:02:42 
SQL RUNTIME: 1.23 sec. 

******************************************************************************** 
ARCHIVE (ZIP): 
******************************************************************************** 
ARCHIVE DIR:  C:/xampp/htdocs/mogul 
ARCHIVE FILE: 20180511_mogul_d020c83d5018e1304393180603151716_archive.zip 
FILTERS: *OFF* 
DIRS:
	not set 
FILES:
	not set 
EXTS:  not set 
---------------------------------------- 
COMPRESSING 
SIZE:	34.17MB 
STATS:	Dirs 222 | Files 1,910 
SQL ADDED: 20180511_mogul_d020c83d5018e1304393180603151716_database.sql 
ZipArchive Object
(
    [status] => 0
    [statusSys] => 0
    [numFiles] => 2132
    [filename] => C:\xampp\htdocs\mogul\wp-snapshots\tmp\20180511_mogul_d020c83d5018e1304393180603151716_archive.zip
    [comment] => 
)
 
COMPRESSION RESULT: '1' 
COMPRESSED SIZE: 13.08MB 
ARCHIVE RUNTIME: 39.60 sec. 
MEMORY STACK: 16MB 

******************************************************************************** 
MAKE INSTALLER: 
******************************************************************************** 
Build Start 
Build Finished 
Preping for use 
PACK SIZE:  
Template parsed with new data 
Complete [C:/xampp/htdocs/mogul/wp-snapshots/tmp/20180511_mogul_d020c83d5018e1304393180603151716_installer.php] 
Added to archive 

******************************************************************************** 
INTEGRITY CHECKS: 
******************************************************************************** 
SQL File: 971.76KB 
Installer File: 445.85KB 
Archive File: 13.08MB  

********************************************************************************
RECORD ID:[3]
TOTAL PROCESS RUNTIME: 49.90 sec.
PEAK PHP MEMORY USED: 16MB
DONE PROCESSING => 20180511_mogul June 3, 2018 4:03 pm
 
